<?xml version="1.0" encoding="UTF-8"?>
<!-- Generated by org.testng.reporters.JUnitReportReporter -->
<testsuite hostname="DESKTOP-F0SEMFK" failures="0" tests="2" name="Test.Day3" time="0.015" errors="0" timestamp="2022-11-18T12:24:08 IST" skipped="0">
  <testcase classname="Test.Day3" name="sectionI" time="0.003"/>
  <system-out/>
  <testcase classname="Test.Day3" name="sectionG" time="0.012"/>
  <system-out/>
</testsuite> <!-- Test.Day3 -->
