<?xml version="1.0" encoding="UTF-8"?>
<!-- Generated by org.testng.reporters.JUnitReportReporter -->
<testsuite hostname="DESKTOP-F0SEMFK" failures="0" tests="3" name="Test.Day2" time="0.015" errors="0" timestamp="2022-11-18T12:24:09 IST" skipped="0">
  <testcase classname="Test.Day2" name="sectionE" time="0.002"/>
  <system-out/>
  <testcase classname="Test.Day2" name="sectionD" time="0.009"/>
  <system-out/>
  <testcase classname="Test.Day2" name="sectionF" time="0.004"/>
  <system-out/>
</testsuite> <!-- Test.Day2 -->
