<?xml version="1.0" encoding="UTF-8"?>
<!-- Generated by org.testng.reporters.JUnitReportReporter -->
<testsuite hostname="DESKTOP-F0SEMFK" failures="0" tests="2" name="Test2.Day6" time="0.011" errors="0" timestamp="2022-11-16T18:56:32 IST" skipped="1">
  <testcase classname="Test2.Day6" name="getFirstName" time="0.011"/>
  <system-out/>
  <testcase classname="Test2.Day6" name="getLastName">
    <skipped/>
  </testcase> <!-- getLastName -->
  <system-out/>
</testsuite> <!-- Test2.Day6 -->
