<?xml version="1.0" encoding="UTF-8"?>
<!-- Generated by org.testng.reporters.JUnitReportReporter -->
<testsuite hostname="DESKTOP-F0SEMFK" failures="0" tests="1" name="Test.Day4" time="0.005" errors="0" timestamp="2022-11-18T12:24:09 IST" skipped="0">
  <testcase classname="Test.Day4" name="sectionJ" time="0.005"/>
  <system-out/>
</testsuite> <!-- Test.Day4 -->
