<?xml version="1.0" encoding="UTF-8"?>
<!-- Generated by org.testng.reporters.JUnitReportReporter -->
<testsuite hostname="DESKTOP-F0SEMFK" failures="0" tests="3" name="Test3.Day8" time="0.015" errors="0" timestamp="2022-11-18T13:23:14 IST" skipped="0">
  <testcase classname="Test3.Day8" name="login" time="0.008"/>
  <system-out/>
  <testcase classname="Test3.Day8" name="login" time="0.001"/>
  <system-out/>
  <testcase classname="Test3.Day8" name="login" time="0.006"/>
  <system-out/>
</testsuite> <!-- Test3.Day8 -->
