<?xml version="1.0" encoding="UTF-8"?>
<!-- Generated by org.testng.reporters.JUnitReportReporter -->
<testsuite hostname="DESKTOP-F0SEMFK" failures="0" tests="3" name="Test.Day5" time="0.006" errors="0" timestamp="2022-11-18T12:24:09 IST" skipped="0">
  <testcase classname="Test.Day5" name="sectionM" time="0.003"/>
  <system-out/>
  <testcase classname="Test.Day5" name="sectionL" time="0.001"/>
  <system-out/>
  <testcase classname="Test.Day5" name="sectionK" time="0.002"/>
  <system-out/>
</testsuite> <!-- Test.Day5 -->
