<?xml version="1.0" encoding="UTF-8"?>
<!-- Generated by org.testng.reporters.JUnitReportReporter -->
<testsuite hostname="DESKTOP-F0SEMFK" failures="0" tests="2" name="Test2.Day7" time="0.015" errors="0" timestamp="2022-12-15T18:10:26 IST" skipped="0">
  <testcase classname="Test2.Day7" name="getEmployeeId" time="0.003"/>
  <system-out/>
  <testcase classname="Test2.Day7" name="getOrganization" time="0.012"/>
  <system-out/>
</testsuite> <!-- Test2.Day7 -->
